Command line invocation:
    /Applications/Xcode.app/Contents/Developer/usr/bin/xcodebuild -scheme LogYourBody -project /Users/timwhite/Documents/GitHub/TBF/LogYourBody/apps/ios/LogYourBody.xcodeproj -configuration Release -clonedSourcePackagesDirPath SourcePackages -disableAutomaticPackageResolution -destination generic/platform=iOS -archivePath "/Users/timwhite/Library/Developer/Xcode/Archives/2025-11-25/LogYourBody 2025-11-25 21.05.30.xcarchive" CODE_SIGN_STYLE=Manual "CODE_SIGN_IDENTITY=Apple Distribution" DEVELOPMENT_TEAM=G24T327LXT clean archive

Build settings from command line:
    CODE_SIGN_IDENTITY = Apple Distribution
    CODE_SIGN_STYLE = Manual
    DEVELOPMENT_TEAM = G24T327LXT

Resolve Package Graph


Resolved source packages:
  RevenueCat: https://github.com/RevenueCat/purchases-ios @ 5.47.0
  Clerk: https://github.com/clerk/clerk-ios @ 0.59.0
  Statsig: https://github.com/statsig-io/statsig-kit.git @ 1.55.1
  Get: https://github.com/kean/Get @ 2.2.1
  SimpleKeychain: https://github.com/auth0/SimpleKeychain @ 1.3.0
  Sentry: https://github.com/getsentry/sentry-cocoa.git @ 8.57.3
  Factory: https://github.com/hmlongco/Factory @ 2.5.3

note: Using codesigning identity override: Apple Distribution
CreateBuildRequest

SendProjectDescription

CreateBuildOperation

** CLEAN SUCCEEDED **

note: Using codesigning identity override: Apple Distribution
ComputePackagePrebuildTargetDependencyGraph

Prepare packages

CreateBuildRequest

SendProjectDescription

CreateBuildOperation

ComputeTargetDependencyGraph
note: Building targets in dependency order
note: Target dependency graph (22 targets)
    Target 'LogYourBody' in project 'LogYourBody'
        ➜ Explicit dependency on target 'RevenueCat' in project 'RevenueCat'
        ➜ Explicit dependency on target 'ReceiptParser' in project 'RevenueCat'
        ➜ Explicit dependency on target 'Clerk' in project 'Clerk'
        ➜ Explicit dependency on target 'Statsig' in project 'Statsig'
        ➜ Explicit dependency on target 'RevenueCatUI' in project 'RevenueCat'
        ➜ Explicit dependency on target 'Sentry' in project 'Sentry'
    Target 'Sentry' in project 'Sentry'
        ➜ Explicit dependency on target 'SentryCppHelper' in project 'Sentry'
    Target 'SentryCppHelper' in project 'Sentry' (no dependencies)
    Target 'RevenueCatUI' in project 'RevenueCat'
        ➜ Explicit dependency on target 'RevenueCatUI' in project 'RevenueCat'
        ➜ Explicit dependency on target 'RevenueCat_RevenueCatUI' in project 'RevenueCat'
        ➜ Explicit dependency on target 'RevenueCat' in project 'RevenueCat'
    Target 'RevenueCatUI' in project 'RevenueCat'
        ➜ Explicit dependency on target 'RevenueCat_RevenueCatUI' in project 'RevenueCat'
        ➜ Explicit dependency on target 'RevenueCat' in project 'RevenueCat'
    Target 'RevenueCat_RevenueCatUI' in project 'RevenueCat' (no dependencies)
    Target 'Statsig' in project 'Statsig'
        ➜ Explicit dependency on target 'Statsig' in project 'Statsig'
    Target 'Statsig' in project 'Statsig' (no dependencies)
    Target 'Clerk' in project 'Clerk'
        ➜ Explicit dependency on target 'Clerk' in project 'Clerk'
        ➜ Explicit dependency on target 'Factory' in project 'Factory'
        ➜ Explicit dependency on target 'Get' in project 'Get'
        ➜ Explicit dependency on target 'SimpleKeychain' in project 'SimpleKeychain'
    Target 'Clerk' in project 'Clerk'
        ➜ Explicit dependency on target 'Factory' in project 'Factory'
        ➜ Explicit dependency on target 'Get' in project 'Get'
        ➜ Explicit dependency on target 'SimpleKeychain' in project 'SimpleKeychain'
    Target 'SimpleKeychain' in project 'SimpleKeychain'
        ➜ Explicit dependency on target 'SimpleKeychain' in project 'SimpleKeychain'
    Target 'SimpleKeychain' in project 'SimpleKeychain' (no dependencies)
    Target 'Get' in project 'Get'
        ➜ Explicit dependency on target 'Get' in project 'Get'
    Target 'Get' in project 'Get' (no dependencies)
    Target 'Factory' in project 'Factory'
        ➜ Explicit dependency on target 'Factory' in project 'Factory'
        ➜ Explicit dependency on target 'Factory_Factory' in project 'Factory'
    Target 'Factory' in project 'Factory'
        ➜ Explicit dependency on target 'Factory_Factory' in project 'Factory'
    Target 'Factory_Factory' in project 'Factory' (no dependencies)
    Target 'ReceiptParser' in project 'RevenueCat'
        ➜ Explicit dependency on target 'ReceiptParser' in project 'RevenueCat'
    Target 'ReceiptParser' in project 'RevenueCat' (no dependencies)
    Target 'RevenueCat' in project 'RevenueCat'
        ➜ Explicit dependency on target 'RevenueCat' in project 'RevenueCat'
        ➜ Explicit dependency on target 'RevenueCat_RevenueCat' in project 'RevenueCat'
    Target 'RevenueCat' in project 'RevenueCat'
        ➜ Explicit dependency on target 'RevenueCat_RevenueCat' in project 'RevenueCat'
    Target 'RevenueCat_RevenueCat' in project 'RevenueCat' (no dependencies)

GatherProvisioningInputs

CreateBuildDescription

ExecuteExternalTool /Applications/Xcode.app/Contents/Developer/Toolchains/XcodeDefault.xctoolchain/usr/bin/swiftc --version

ExecuteExternalTool /Applications/Xcode.app/Contents/Developer/Toolchains/XcodeDefault.xctoolchain/usr/bin/clang -v -E -dM -isysroot /Applications/Xcode.app/Contents/Developer/Platforms/iPhoneOS.platform/Developer/SDKs/iPhoneOS26.1.sdk -x c -c /dev/null

ExecuteExternalTool /Applications/Xcode.app/Contents/Developer/usr/bin/actool --version --output-format xml1

ExecuteExternalTool /Applications/Xcode.app/Contents/Developer/usr/bin/ibtool --version --output-format xml1

ExecuteExternalTool /Applications/Xcode.app/Contents/Developer/usr/bin/momc --dry-run --action generate --swift-version 5.0 --sdkroot /Applications/Xcode.app/Contents/Developer/Platforms/iPhoneOS.platform/Developer/SDKs/iPhoneOS26.1.sdk --iphoneos-deployment-target 26.0 --module LogYourBody /Users/timwhite/Documents/GitHub/TBF/LogYourBody/apps/ios/LogYourBody/Models/LogYourBody.xcdatamodeld /Users/timwhite/Library/Developer/Xcode/DerivedData/LogYourBody-andvtxgbkkjzbydambbpvmldnenp/Build/Intermediates.noindex/ArchiveIntermediates/LogYourBody/IntermediateBuildFilesPath/LogYourBody.build/Release-iphoneos/LogYourBody.build/DerivedSources/CoreDataGenerated/LogYourBody

ExecuteExternalTool /Applications/Xcode.app/Contents/Developer/usr/bin/actool --print-asset-tag-combinations --output-format xml1 /Users/timwhite/Documents/GitHub/TBF/LogYourBody/apps/ios/LogYourBody/Assets.xcassets

ExecuteExternalTool /Applications/Xcode.app/Contents/Developer/Toolchains/XcodeDefault.xctoolchain/usr/bin/ld -version_details

ReadFileContents /Applications/Xcode.app/Contents/Developer/Toolchains/XcodeDefault.xctoolchain/usr/share/docc/features.json

Build description signature: ed8559269708144e16f0ebead4e19dea
Build description path: /Users/timwhite/Library/Developer/Xcode/DerivedData/LogYourBody-andvtxgbkkjzbydambbpvmldnenp/Build/Intermediates.noindex/ArchiveIntermediates/LogYourBody/IntermediateBuildFilesPath/XCBuildData/ed8559269708144e16f0ebead4e19dea.xcbuilddata
/Users/timwhite/Documents/GitHub/TBF/LogYourBody/apps/ios/LogYourBody/Config.xcconfig:25:1: error: unsupported preprocessor directive ‘Sentry’
